# JRE version: OpenJDK Runtime Environment (17.0.6) (build 17.0.6+0-b2043.56-10027231)
# Java VM: OpenJDK 64-Bit Server VM (17.0.6+0-b2043.56-10027231, mixed mode, tiered, compressed oops, compressed class ptrs, g1 gc, windows-amd64)
GC Precious Log:
 CPUs: 12 total, 12 available
 Memory: 5828M
 Large Page Support: Disabled
 NUMA Support: Disabled
 Compressed Oops: Enabled (32-bit)
 Heap Region Size: 1M
 Heap Min Capacity: 8M
 Heap Initial Capacity: 92M
 Heap Max Capacity: 2G
 Pre-touch: Disabled
 Parallel Workers: 10
 Concurrent Workers: 3
 Concurrent Refinement Workers: 10
 Periodic GC: Disabled
Heap:
 garbage-first heap   total 329728K, used 195396K [0x0000000080000000, 0x0000000100000000)
  region size 1024K, 11 young (11264K), 11 survivors (11264K)
 Metaspace       used 131677K, committed 132608K, reserved 1163264K
  class space    used 19172K, committed 19584K, reserved 1048576K
GC Heap History (20 events):
Event: 462.457 GC heap after
{Heap after GC invocations=53 (full 0):
 garbage-first heap   total 247808K, used 159551K [0x0000000080000000, 0x0000000100000000)
  region size 1024K, 6 young (6144K), 6 survivors (6144K)
 Metaspace       used 108279K, committed 109248K, reserved 1146880K
  class space    used 14523K, committed 14976K, reserved 1048576K
}
Event: 463.458 GC heap before
{Heap before GC invocations=53 (full 0):
 garbage-first heap   total 247808K, used 210751K [0x0000000080000000, 0x0000000100000000)
  region size 1024K, 51 young (52224K), 6 survivors (6144K)
 Metaspace       used 110444K, committed 111360K, reserved 1146880K
  class space    used 14845K, committed 15296K, reserved 1048576K
}
Event: 463.468 GC heap after
{Heap after GC invocations=54 (full 0):
 garbage-first heap   total 247808K, used 168997K [0x0000000080000000, 0x0000000100000000)
  region size 1024K, 7 young (7168K), 7 survivors (7168K)
 Metaspace       used 110444K, committed 111360K, reserved 1146880K
  class space    used 14845K, committed 15296K, reserved 1048576K
}
Event: 463.712 GC heap before
{Heap before GC invocations=54 (full 0):
 garbage-first heap   total 247808K, used 187429K [0x0000000080000000, 0x0000000100000000)
  region size 1024K, 26 young (26624K), 7 survivors (7168K)
 Metaspace       used 113654K, committed 114560K, reserved 1155072K
  class space    used 15400K, committed 15808K, reserved 1048576K
}
Event: 463.725 GC heap after
{Heap after GC invocations=55 (full 0):
 garbage-first heap   total 247808K, used 172268K [0x0000000080000000, 0x0000000100000000)
  region size 1024K, 4 young (4096K), 4 survivors (4096K)
 Metaspace       used 113654K, committed 114560K, reserved 1155072K
  class space    used 15400K, committed 15808K, reserved 1048576K
}
Event: 464.078 GC heap before
{Heap before GC invocations=55 (full 0):
 garbage-first heap   total 329728K, used 194796K [0x0000000080000000, 0x0000000100000000)
  region size 1024K, 33 young (33792K), 4 survivors (4096K)
 Metaspace       used 116013K, committed 116992K, reserved 1155072K
  class space    used 15830K, committed 16256K, reserved 1048576K
}
Event: 464.106 GC heap after
{Heap after GC invocations=56 (full 0):
 garbage-first heap   total 329728K, used 173212K [0x0000000080000000, 0x0000000100000000)
  region size 1024K, 5 young (5120K), 5 survivors (5120K)
 Metaspace       used 116013K, committed 116992K, reserved 1155072K
  class space    used 15830K, committed 16256K, reserved 1048576K
}
Event: 464.858 GC heap before
{Heap before GC invocations=57 (full 0):
 garbage-first heap   total 329728K, used 254108K [0x0000000080000000, 0x0000000100000000)
  region size 1024K, 85 young (87040K), 5 survivors (5120K)
 Metaspace       used 125491K, committed 126528K, reserved 1163264K
  class space    used 17910K, committed 18368K, reserved 1048576K
}
Event: 464.871 GC heap after
{Heap after GC invocations=58 (full 0):
 garbage-first heap   total 329728K, used 182307K [0x0000000080000000, 0x0000000100000000)
  region size 1024K, 11 young (11264K), 11 survivors (11264K)
 Metaspace       used 125491K, committed 126528K, reserved 1163264K
  class space    used 17910K, committed 18368K, reserved 1048576K
}
Event: 464.896 GC heap before
{Heap before GC invocations=58 (full 0):
 garbage-first heap   total 329728K, used 187427K [0x0000000080000000, 0x0000000100000000)
  region size 1024K, 16 young (16384K), 11 survivors (11264K)
 Metaspace       used 125568K, committed 126592K, reserved 1163264K
  class space    used 17917K, committed 18368K, reserved 1048576K
}
Event: 464.916 GC heap after
{Heap after GC invocations=59 (full 0):
 garbage-first heap   total 329728K, used 154435K [0x0000000080000000, 0x0000000100000000)
  region size 1024K, 2 young (2048K), 2 survivors (2048K)
 Metaspace       used 125568K, committed 126592K, reserved 1163264K
  class space    used 17917K, committed 18368K, reserved 1048576K
}
Event: 464.946 GC heap before
{Heap before GC invocations=59 (full 0):
 garbage-first heap   total 329728K, used 168771K [0x0000000080000000, 0x0000000100000000)
  region size 1024K, 16 young (16384K), 2 survivors (2048K)
 Metaspace       used 125717K, committed 126720K, reserved 1163264K
  class space    used 17935K, committed 18368K, reserved 1048576K
}
Event: 464.950 GC heap after
{Heap after GC invocations=60 (full 0):
 garbage-first heap   total 329728K, used 156014K [0x0000000080000000, 0x0000000100000000)
  region size 1024K, 2 young (2048K), 2 survivors (2048K)
 Metaspace       used 125717K, committed 126720K, reserved 1163264K
  class space    used 17935K, committed 18368K, reserved 1048576K
}
Event: 465.486 GC heap before
{Heap before GC invocations=60 (full 0):
 garbage-first heap   total 329728K, used 274798K [0x0000000080000000, 0x0000000100000000)
  region size 1024K, 101 young (103424K), 2 survivors (2048K)
 Metaspace       used 128692K, committed 129728K, reserved 1163264K
  class space    used 18477K, committed 18944K, reserved 1048576K
}
Event: 465.495 GC heap after
{Heap after GC invocations=61 (full 0):
 garbage-first heap   total 329728K, used 173549K [0x0000000080000000, 0x0000000100000000)
  region size 1024K, 13 young (13312K), 13 survivors (13312K)
 Metaspace       used 128692K, committed 129728K, reserved 1163264K
  class space    used 18477K, committed 18944K, reserved 1048576K
}
Event: 466.229 GC heap before
{Heap before GC invocations=62 (full 0):
 garbage-first heap   total 329728K, used 282093K [0x0000000080000000, 0x0000000100000000)
  region size 1024K, 99 young (101376K), 13 survivors (13312K)
 Metaspace       used 131339K, committed 132352K, reserved 1163264K
  class space    used 19136K, committed 19584K, reserved 1048576K
}
Event: 466.240 GC heap after
{Heap after GC invocations=63 (full 0):
 garbage-first heap   total 329728K, used 180935K [0x0000000080000000, 0x0000000100000000)
  region size 1024K, 8 young (8192K), 8 survivors (8192K)
 Metaspace       used 131339K, committed 132352K, reserved 1163264K
  class space    used 19136K, committed 19584K, reserved 1048576K
}
Event: 466.244 GC heap before
{Heap before GC invocations=63 (full 0):
 garbage-first heap   total 329728K, used 189127K [0x0000000080000000, 0x0000000100000000)
  region size 1024K, 16 young (16384K), 8 survivors (8192K)
 Metaspace       used 131345K, committed 132352K, reserved 1163264K
  class space    used 19137K, committed 19584K, reserved 1048576K
}
Event: 466.251 GC heap after
{Heap after GC invocations=64 (full 0):
 garbage-first heap   total 329728K, used 179682K [0x0000000080000000, 0x0000000100000000)
  region size 1024K, 2 young (2048K), 2 survivors (2048K)
 Metaspace       used 131345K, committed 132352K, reserved 1163264K
  class space    used 19137K, committed 19584K, reserved 1048576K
}
Event: 466.332 GC heap before
{Heap before GC invocations=64 (full 0):
 garbage-first heap   total 329728K, used 264674K [0x0000000080000000, 0x0000000100000000)
  region size 1024K, 86 young (88064K), 2 survivors (2048K)
 Metaspace       used 131677K, committed 132608K, reserved 1163264K
  class space    used 19172K, committed 19584K, reserved 1048576K
}

